<?xml version="1.0" encoding="UTF-8"?>
<!-- Generated by org.testng.reporters.JUnitReportReporter -->
<testsuite skipped="0" hostname="kiran" name="Academy.Homepage" tests="2" failures="0" timestamp="2022-11-18T15:26:55 IST" time="36.946" errors="0">
  <testcase name="basePageNavigation" time="16.648" classname="Academy.Homepage"/>
  <system-out/>
  <testcase name="basePageNavigation" time="20.298" classname="Academy.Homepage"/>
  <system-out/>
</testsuite> <!-- Academy.Homepage -->
