<?xml version="1.0" encoding="UTF-8"?>
<!-- Generated by org.testng.reporters.JUnitReportReporter -->
<testsuite skipped="0" hostname="kiran" name="Academy.ValidateNavigationBar" tests="1" failures="0" timestamp="2022-11-14T22:23:04 IST" time="0.086" errors="0">
  <testcase name="basePageNavigation" time="0.086" classname="Academy.ValidateNavigationBar"/>
  <system-out/>
</testsuite> <!-- Academy.ValidateNavigationBar -->
